[2025-09-07 10:15:56] local.ERROR: Call to undefined method Modules\SeoHelper\Packages\Supports\SeoOpenGraph::getProperty() {"exception":"[object] (Error(code: 0): Call to undefined method Modules\\SeoHelper\\Packages\\Supports\\SeoOpenGraph::getProperty() at /home/kamrul/php/lara_decent/storage/framework/views/79e0d4ffca4d7c6f76c83ddcc0d3e9bea1521cbd.php:30)
[stacktrace]
#0 /home/kamrul/php/lara_decent/vendor/laravel/framework/src/Illuminate/Foundation/helpers.php(669): Illuminate\\Filesystem\\Filesystem::{closure}()
#1 /home/kamrul/php/lara_decent/storage/framework/views/79e0d4ffca4d7c6f76c83ddcc0d3e9bea1521cbd.php(30): rescue()
#2 /home/kamrul/php/lara_decent/vendor/laravel/framework/src/Illuminate/Filesystem/Filesystem.php(107): require('...')
#3 /home/kamrul/php/lara_decent/vendor/laravel/framework/src/Illuminate/Filesystem/Filesystem.php(108): Illuminate\\Filesystem\\Filesystem::Illuminate\\Filesystem\\{closure}()
#4 /home/kamrul/php/lara_decent/vendor/laravel/framework/src/Illuminate/View/Engines/PhpEngine.php(58): Illuminate\\Filesystem\\Filesystem->getRequire()
#5 /home/kamrul/php/lara_decent/vendor/laravel/framework/src/Illuminate/View/Engines/CompilerEngine.php(61): Illuminate\\View\\Engines\\PhpEngine->evaluatePath()
#6 /home/kamrul/php/lara_decent/vendor/facade/ignition/src/Views/Engines/CompilerEngine.php(37): Illuminate\\View\\Engines\\CompilerEngine->get()
#7 /home/kamrul/php/lara_decent/vendor/laravel/framework/src/Illuminate/View/View.php(139): Facade\\Ignition\\Views\\Engines\\CompilerEngine->get()
#8 /home/kamrul/php/lara_decent/Modules/Shortcodes/Resources/views/View.php(83): Illuminate\\View\\View->getContents()
#9 /home/kamrul/php/lara_decent/vendor/laravel/framework/src/Illuminate/View/View.php(91): Modules\\Shortcodes\\Resources\\views\\View->renderContents()
#10 /home/kamrul/php/lara_decent/Modules/Theme/Packages/Supports/Theme.php(1026): Illuminate\\View\\View->render()
#11 /home/kamrul/php/lara_decent/vendor/laravel/framework/src/Illuminate/Support/Facades/Facade.php(261): Modules\\Theme\\Packages\\Supports\\Theme->header()
#12 /home/kamrul/php/lara_decent/storage/framework/views/5e7dcd042a32c246b099ca5bf14260364922b20b.php(15): Illuminate\\Support\\Facades\\Facade::__callStatic()
#13 /home/kamrul/php/lara_decent/vendor/laravel/framework/src/Illuminate/Filesystem/Filesystem.php(107): require('...')
#14 /home/kamrul/php/lara_decent/vendor/laravel/framework/src/Illuminate/Filesystem/Filesystem.php(108): Illuminate\\Filesystem\\Filesystem::Illuminate\\Filesystem\\{closure}()
#15 /home/kamrul/php/lara_decent/vendor/laravel/framework/src/Illuminate/View/Engines/PhpEngine.php(58): Illuminate\\Filesystem\\Filesystem->getRequire()
#16 /home/kamrul/php/lara_decent/vendor/laravel/framework/src/Illuminate/View/Engines/CompilerEngine.php(61): Illuminate\\View\\Engines\\PhpEngine->evaluatePath()
#17 /home/kamrul/php/lara_decent/vendor/facade/ignition/src/Views/Engines/CompilerEngine.php(37): Illuminate\\View\\Engines\\CompilerEngine->get()
#18 /home/kamrul/php/lara_decent/vendor/laravel/framework/src/Illuminate/View/View.php(139): Facade\\Ignition\\Views\\Engines\\CompilerEngine->get()
#19 /home/kamrul/php/lara_decent/Modules/Shortcodes/Resources/views/View.php(83): Illuminate\\View\\View->getContents()
#20 /home/kamrul/php/lara_decent/vendor/laravel/framework/src/Illuminate/View/View.php(91): Modules\\Shortcodes\\Resources\\views\\View->renderContents()
#21 /home/kamrul/php/lara_decent/Modules/Theme/Packages/Supports/Theme.php(625): Illuminate\\View\\View->render()
#22 /home/kamrul/php/lara_decent/Modules/Theme/Packages/Supports/Theme.php(605): Modules\\Theme\\Packages\\Supports\\Theme->loadPartial()
#23 /home/kamrul/php/lara_decent/vendor/laravel/framework/src/Illuminate/Support/Facades/Facade.php(261): Modules\\Theme\\Packages\\Supports\\Theme->partial()
#24 /home/kamrul/php/lara_decent/storage/framework/views/6e1fb95fdde2b415fb5441462c67bed456f53df0.php(1): Illuminate\\Support\\Facades\\Facade::__callStatic()
#25 /home/kamrul/php/lara_decent/vendor/laravel/framework/src/Illuminate/Filesystem/Filesystem.php(107): require('...')
#26 /home/kamrul/php/lara_decent/vendor/laravel/framework/src/Illuminate/Filesystem/Filesystem.php(108): Illuminate\\Filesystem\\Filesystem::Illuminate\\Filesystem\\{closure}()
#27 /home/kamrul/php/lara_decent/vendor/laravel/framework/src/Illuminate/View/Engines/PhpEngine.php(58): Illuminate\\Filesystem\\Filesystem->getRequire()
#28 /home/kamrul/php/lara_decent/vendor/laravel/framework/src/Illuminate/View/Engines/CompilerEngine.php(61): Illuminate\\View\\Engines\\PhpEngine->evaluatePath()
#29 /home/kamrul/php/lara_decent/vendor/facade/ignition/src/Views/Engines/CompilerEngine.php(37): Illuminate\\View\\Engines\\CompilerEngine->get()
#30 /home/kamrul/php/lara_decent/vendor/laravel/framework/src/Illuminate/View/View.php(139): Facade\\Ignition\\Views\\Engines\\CompilerEngine->get()
#31 /home/kamrul/php/lara_decent/Modules/Shortcodes/Resources/views/View.php(83): Illuminate\\View\\View->getContents()
#32 /home/kamrul/php/lara_decent/vendor/laravel/framework/src/Illuminate/View/View.php(91): Modules\\Shortcodes\\Resources\\views\\View->renderContents()
#33 /home/kamrul/php/lara_decent/Modules/Theme/Packages/Supports/Theme.php(1002): Illuminate\\View\\View->render()
#34 /home/kamrul/php/lara_decent/Modules/Theme/Http/Controllers/PublicController.php(41): Modules\\Theme\\Packages\\Supports\\Theme->render()
#35 /home/kamrul/php/lara_decent/vendor/laravel/framework/src/Illuminate/Routing/Controller.php(54): Modules\\Theme\\Http\\Controllers\\PublicController->getIndex()
#36 /home/kamrul/php/lara_decent/vendor/laravel/framework/src/Illuminate/Routing/ControllerDispatcher.php(45): Illuminate\\Routing\\Controller->callAction()
#37 /home/kamrul/php/lara_decent/vendor/laravel/framework/src/Illuminate/Routing/Route.php(261): Illuminate\\Routing\\ControllerDispatcher->dispatch()
#38 /home/kamrul/php/lara_decent/vendor/laravel/framework/src/Illuminate/Routing/Route.php(205): Illuminate\\Routing\\Route->runController()
#39 /home/kamrul/php/lara_decent/vendor/laravel/framework/src/Illuminate/Routing/Router.php(721): Illuminate\\Routing\\Route->run()
#40 /home/kamrul/php/lara_decent/vendor/laravel/framework/src/Illuminate/Pipeline/Pipeline.php(128): Illuminate\\Routing\\Router->Illuminate\\Routing\\{closure}()
#41 /home/kamrul/php/lara_decent/Modules/Language/Http/Middleware/LocalizationRedirectFilter.php(58): Illuminate\\Pipeline\\Pipeline->Illuminate\\Pipeline\\{closure}()
#42 /home/kamrul/php/lara_decent/vendor/laravel/framework/src/Illuminate/Pipeline/Pipeline.php(167): Modules\\Language\\Http\\Middleware\\LocalizationRedirectFilter->handle()
#43 /home/kamrul/php/lara_decent/Modules/Language/Http/Middleware/LocaleSessionRedirect.php(67): Illuminate\\Pipeline\\Pipeline->Illuminate\\Pipeline\\{closure}()
#44 /home/kamrul/php/lara_decent/vendor/laravel/framework/src/Illuminate/Pipeline/Pipeline.php(167): Modules\\Language\\Http\\Middleware\\LocaleSessionRedirect->handle()
#45 /home/kamrul/php/lara_decent/vendor/laravel/framework/src/Illuminate/Routing/Middleware/SubstituteBindings.php(50): Illuminate\\Pipeline\\Pipeline->Illuminate\\Pipeline\\{closure}()
#46 /home/kamrul/php/lara_decent/vendor/laravel/framework/src/Illuminate/Pipeline/Pipeline.php(167): Illuminate\\Routing\\Middleware\\SubstituteBindings->handle()
#47 /home/kamrul/php/lara_decent/Modules/KamrulDashboard/Http/Middleware/KamrulMiddleware.php(17): Illuminate\\Pipeline\\Pipeline->Illuminate\\Pipeline\\{closure}()
#48 /home/kamrul/php/lara_decent/vendor/laravel/framework/src/Illuminate/Pipeline/Pipeline.php(167): Modules\\KamrulDashboard\\Http\\Middleware\\KamrulMiddleware->handle()
#49 /home/kamrul/php/lara_decent/vendor/laravel/framework/src/Illuminate/View/Middleware/ShareErrorsFromSession.php(49): Illuminate\\Pipeline\\Pipeline->Illuminate\\Pipeline\\{closure}()
#50 /home/kamrul/php/lara_decent/vendor/laravel/framework/src/Illuminate/Pipeline/Pipeline.php(167): Illuminate\\View\\Middleware\\ShareErrorsFromSession->handle()
#51 /home/kamrul/php/lara_decent/vendor/laravel/framework/src/Illuminate/Session/Middleware/StartSession.php(121): Illuminate\\Pipeline\\Pipeline->Illuminate\\Pipeline\\{closure}()
#52 /home/kamrul/php/lara_decent/vendor/laravel/framework/src/Illuminate/Session/Middleware/StartSession.php(64): Illuminate\\Session\\Middleware\\StartSession->handleStatefulRequest()
#53 /home/kamrul/php/lara_decent/vendor/laravel/framework/src/Illuminate/Pipeline/Pipeline.php(167): Illuminate\\Session\\Middleware\\StartSession->handle()
#54 /home/kamrul/php/lara_decent/vendor/laravel/framework/src/Illuminate/Cookie/Middleware/AddQueuedCookiesToResponse.php(37): Illuminate\\Pipeline\\Pipeline->Illuminate\\Pipeline\\{closure}()
#55 /home/kamrul/php/lara_decent/vendor/laravel/framework/src/Illuminate/Pipeline/Pipeline.php(167): Illuminate\\Cookie\\Middleware\\AddQueuedCookiesToResponse->handle()
#56 /home/kamrul/php/lara_decent/vendor/laravel/framework/src/Illuminate/Cookie/Middleware/EncryptCookies.php(67): Illuminate\\Pipeline\\Pipeline->Illuminate\\Pipeline\\{closure}()
#57 /home/kamrul/php/lara_decent/vendor/laravel/framework/src/Illuminate/Pipeline/Pipeline.php(167): Illuminate\\Cookie\\Middleware\\EncryptCookies->handle()
#58 /home/kamrul/php/lara_decent/vendor/laravel/framework/src/Illuminate/Pipeline/Pipeline.php(103): Illuminate\\Pipeline\\Pipeline->Illuminate\\Pipeline\\{closure}()
#59 /home/kamrul/php/lara_decent/vendor/laravel/framework/src/Illuminate/Routing/Router.php(719): Illuminate\\Pipeline\\Pipeline->then()
#60 /home/kamrul/php/lara_decent/vendor/laravel/framework/src/Illuminate/Routing/Router.php(698): Illuminate\\Routing\\Router->runRouteWithinStack()
#61 /home/kamrul/php/lara_decent/vendor/laravel/framework/src/Illuminate/Routing/Router.php(662): Illuminate\\Routing\\Router->runRoute()
#62 /home/kamrul/php/lara_decent/vendor/laravel/framework/src/Illuminate/Routing/Router.php(651): Illuminate\\Routing\\Router->dispatchToRoute()
#63 /home/kamrul/php/lara_decent/vendor/laravel/framework/src/Illuminate/Foundation/Http/Kernel.php(167): Illuminate\\Routing\\Router->dispatch()
#64 /home/kamrul/php/lara_decent/vendor/laravel/framework/src/Illuminate/Pipeline/Pipeline.php(128): Illuminate\\Foundation\\Http\\Kernel->Illuminate\\Foundation\\Http\\{closure}()
#65 /home/kamrul/php/lara_decent/vendor/laravel/framework/src/Illuminate/Foundation/Http/Middleware/TransformsRequest.php(21): Illuminate\\Pipeline\\Pipeline->Illuminate\\Pipeline\\{closure}()
#66 /home/kamrul/php/lara_decent/vendor/laravel/framework/src/Illuminate/Foundation/Http/Middleware/ConvertEmptyStringsToNull.php(31): Illuminate\\Foundation\\Http\\Middleware\\TransformsRequest->handle()
#67 /home/kamrul/php/lara_decent/vendor/laravel/framework/src/Illuminate/Pipeline/Pipeline.php(167): Illuminate\\Foundation\\Http\\Middleware\\ConvertEmptyStringsToNull->handle()
#68 /home/kamrul/php/lara_decent/vendor/laravel/framework/src/Illuminate/Foundation/Http/Middleware/TransformsRequest.php(21): Illuminate\\Pipeline\\Pipeline->Illuminate\\Pipeline\\{closure}()
#69 /home/kamrul/php/lara_decent/vendor/laravel/framework/src/Illuminate/Foundation/Http/Middleware/TrimStrings.php(40): Illuminate\\Foundation\\Http\\Middleware\\TransformsRequest->handle()
#70 /home/kamrul/php/lara_decent/vendor/laravel/framework/src/Illuminate/Pipeline/Pipeline.php(167): Illuminate\\Foundation\\Http\\Middleware\\TrimStrings->handle()
#71 /home/kamrul/php/lara_decent/vendor/laravel/framework/src/Illuminate/Foundation/Http/Middleware/ValidatePostSize.php(27): Illuminate\\Pipeline\\Pipeline->Illuminate\\Pipeline\\{closure}()
#72 /home/kamrul/php/lara_decent/vendor/laravel/framework/src/Illuminate/Pipeline/Pipeline.php(167): Illuminate\\Foundation\\Http\\Middleware\\ValidatePostSize->handle()
#73 /home/kamrul/php/lara_decent/vendor/laravel/framework/src/Illuminate/Foundation/Http/Middleware/PreventRequestsDuringMaintenance.php(86): Illuminate\\Pipeline\\Pipeline->Illuminate\\Pipeline\\{closure}()
#74 /home/kamrul/php/lara_decent/vendor/laravel/framework/src/Illuminate/Pipeline/Pipeline.php(167): Illuminate\\Foundation\\Http\\Middleware\\PreventRequestsDuringMaintenance->handle()
#75 /home/kamrul/php/lara_decent/vendor/fruitcake/laravel-cors/src/HandleCors.php(38): Illuminate\\Pipeline\\Pipeline->Illuminate\\Pipeline\\{closure}()
#76 /home/kamrul/php/lara_decent/vendor/laravel/framework/src/Illuminate/Pipeline/Pipeline.php(167): Fruitcake\\Cors\\HandleCors->handle()
#77 /home/kamrul/php/lara_decent/vendor/laravel/framework/src/Illuminate/Http/Middleware/TrustProxies.php(39): Illuminate\\Pipeline\\Pipeline->Illuminate\\Pipeline\\{closure}()
#78 /home/kamrul/php/lara_decent/vendor/laravel/framework/src/Illuminate/Pipeline/Pipeline.php(167): Illuminate\\Http\\Middleware\\TrustProxies->handle()
#79 /home/kamrul/php/lara_decent/vendor/laravel/framework/src/Illuminate/Pipeline/Pipeline.php(103): Illuminate\\Pipeline\\Pipeline->Illuminate\\Pipeline\\{closure}()
#80 /home/kamrul/php/lara_decent/vendor/laravel/framework/src/Illuminate/Foundation/Http/Kernel.php(142): Illuminate\\Pipeline\\Pipeline->then()
#81 /home/kamrul/php/lara_decent/vendor/laravel/framework/src/Illuminate/Foundation/Http/Kernel.php(111): Illuminate\\Foundation\\Http\\Kernel->sendRequestThroughRouter()
#82 /home/kamrul/php/lara_decent/public/index.php(51): Illuminate\\Foundation\\Http\\Kernel->handle()
#83 {main}
"} 
